[2024-04-26 18:06:02] local.ERROR: Attempt to read property "usertable_type" on null {"userId":864,"exception":"[object] (ErrorException(code: 0): Attempt to read property \"usertable_type\" on null at /Users/edwinmelara/Documents/Proyectos/instituto/backend/app/Models/User.php:67)
[stacktrace]
#0 /Users/edwinmelara/Documents/Proyectos/instituto/backend/vendor/laravel/framework/src/Illuminate/Foundation/Bootstrap/HandleExceptions.php(254): Illuminate\\Foundation\\Bootstrap\\HandleExceptions->handleError(2, 'Attempt to read...', '/Users/edwinmel...', 67)
#1 /Users/edwinmelara/Documents/Proyectos/instituto/backend/app/Models/User.php(67): Illuminate\\Foundation\\Bootstrap\\HandleExceptions->Illuminate\\Foundation\\Bootstrap\\{closure}(2, 'Attempt to read...', '/Users/edwinmel...', 67)
#2 /Users/edwinmelara/Documents/Proyectos/instituto/backend/app/Models/User.php(44): App\\Models\\User->getUsertablesType(Object(Illuminate\\Database\\Eloquent\\Relations\\HasOne))
#3 /Users/edwinmelara/Documents/Proyectos/instituto/backend/vendor/tymon/jwt-auth/src/JWT.php(239): App\\Models\\User->getJWTCustomClaims()
#4 /Users/edwinmelara/Documents/Proyectos/instituto/backend/vendor/tymon/jwt-auth/src/JWT.php(226): Tymon\\JWTAuth\\JWT->getClaimsArray(Object(App\\Models\\User))
#5 /Users/edwinmelara/Documents/Proyectos/instituto/backend/vendor/tymon/jwt-auth/src/JWT.php(74): Tymon\\JWTAuth\\JWT->makePayload(Object(App\\Models\\User))
#6 /Users/edwinmelara/Documents/Proyectos/instituto/backend/vendor/tymon/jwt-auth/src/JWT.php(87): Tymon\\JWTAuth\\JWT->fromSubject(Object(App\\Models\\User))
#7 /Users/edwinmelara/Documents/Proyectos/instituto/backend/vendor/tymon/jwt-auth/src/JWTAuth.php(53): Tymon\\JWTAuth\\JWT->fromUser(Object(App\\Models\\User))
#8 /Users/edwinmelara/Documents/Proyectos/instituto/backend/vendor/laravel/framework/src/Illuminate/Support/Facades/Facade.php(355): Tymon\\JWTAuth\\JWTAuth->attempt(Array)
#9 /Users/edwinmelara/Documents/Proyectos/instituto/backend/app/Http/Controllers/API/AuthController.php(25): Illuminate\\Support\\Facades\\Facade::__callStatic('attempt', Array)
#10 /Users/edwinmelara/Documents/Proyectos/instituto/backend/vendor/laravel/framework/src/Illuminate/Routing/Controller.php(54): App\\Http\\Controllers\\API\\AuthController->login(Object(App\\Http\\Requests\\LoginRequest))
#11 /Users/edwinmelara/Documents/Proyectos/instituto/backend/vendor/laravel/framework/src/Illuminate/Routing/ControllerDispatcher.php(43): Illuminate\\Routing\\Controller->callAction('login', Array)
#12 /Users/edwinmelara/Documents/Proyectos/instituto/backend/vendor/laravel/framework/src/Illuminate/Routing/Route.php(259): Illuminate\\Routing\\ControllerDispatcher->dispatch(Object(Illuminate\\Routing\\Route), Object(App\\Http\\Controllers\\API\\AuthController), 'login')
#13 /Users/edwinmelara/Documents/Proyectos/instituto/backend/vendor/laravel/framework/src/Illuminate/Routing/Route.php(205): Illuminate\\Routing\\Route->runController()
#14 /Users/edwinmelara/Documents/Proyectos/instituto/backend/vendor/laravel/framework/src/Illuminate/Routing/Router.php(806): Illuminate\\Routing\\Route->run()
#15 /Users/edwinmelara/Documents/Proyectos/instituto/backend/vendor/laravel/framework/src/Illuminate/Pipeline/Pipeline.php(141): Illuminate\\Routing\\Router->Illuminate\\Routing\\{closure}(Object(Illuminate\\Http\\Request))
#16 /Users/edwinmelara/Documents/Proyectos/instituto/backend/vendor/laravel/framework/src/Illuminate/Routing/Middleware/SubstituteBindings.php(50): Illuminate\\Pipeline\\Pipeline->Illuminate\\Pipeline\\{closure}(Object(Illuminate\\Http\\Request))
#17 /Users/edwinmelara/Documents/Proyectos/instituto/backend/vendor/laravel/framework/src/Illuminate/Pipeline/Pipeline.php(180): Illuminate\\Routing\\Middleware\\SubstituteBindings->handle(Object(Illuminate\\Http\\Request), Object(Closure))
#18 /Users/edwinmelara/Documents/Proyectos/instituto/backend/vendor/laravel/framework/src/Illuminate/Routing/Middleware/ThrottleRequests.php(159): Illuminate\\Pipeline\\Pipeline->Illuminate\\Pipeline\\{closure}(Object(Illuminate\\Http\\Request))
#19 /Users/edwinmelara/Documents/Proyectos/instituto/backend/vendor/laravel/framework/src/Illuminate/Routing/Middleware/ThrottleRequests.php(125): Illuminate\\Routing\\Middleware\\ThrottleRequests->handleRequest(Object(Illuminate\\Http\\Request), Object(Closure), Array)
#20 /Users/edwinmelara/Documents/Proyectos/instituto/backend/vendor/laravel/framework/src/Illuminate/Routing/Middleware/ThrottleRequests.php(87): Illuminate\\Routing\\Middleware\\ThrottleRequests->handleRequestUsingNamedLimiter(Object(Illuminate\\Http\\Request), Object(Closure), 'api', Object(Closure))
#21 /Users/edwinmelara/Documents/Proyectos/instituto/backend/vendor/laravel/framework/src/Illuminate/Pipeline/Pipeline.php(180): Illuminate\\Routing\\Middleware\\ThrottleRequests->handle(Object(Illuminate\\Http\\Request), Object(Closure), 'api')
#22 /Users/edwinmelara/Documents/Proyectos/instituto/backend/vendor/laravel/framework/src/Illuminate/Pipeline/Pipeline.php(116): Illuminate\\Pipeline\\Pipeline->Illuminate\\Pipeline\\{closure}(Object(Illuminate\\Http\\Request))
#23 /Users/edwinmelara/Documents/Proyectos/instituto/backend/vendor/laravel/framework/src/Illuminate/Routing/Router.php(805): Illuminate\\Pipeline\\Pipeline->then(Object(Closure))
#24 /Users/edwinmelara/Documents/Proyectos/instituto/backend/vendor/laravel/framework/src/Illuminate/Routing/Router.php(784): Illuminate\\Routing\\Router->runRouteWithinStack(Object(Illuminate\\Routing\\Route), Object(Illuminate\\Http\\Request))
#25 /Users/edwinmelara/Documents/Proyectos/instituto/backend/vendor/laravel/framework/src/Illuminate/Routing/Router.php(748): Illuminate\\Routing\\Router->runRoute(Object(Illuminate\\Http\\Request), Object(Illuminate\\Routing\\Route))
#26 /Users/edwinmelara/Documents/Proyectos/instituto/backend/vendor/laravel/framework/src/Illuminate/Routing/Router.php(737): Illuminate\\Routing\\Router->dispatchToRoute(Object(Illuminate\\Http\\Request))
#27 /Users/edwinmelara/Documents/Proyectos/instituto/backend/vendor/laravel/framework/src/Illuminate/Foundation/Http/Kernel.php(200): Illuminate\\Routing\\Router->dispatch(Object(Illuminate\\Http\\Request))
#28 /Users/edwinmelara/Documents/Proyectos/instituto/backend/vendor/laravel/framework/src/Illuminate/Pipeline/Pipeline.php(141): Illuminate\\Foundation\\Http\\Kernel->Illuminate\\Foundation\\Http\\{closure}(Object(Illuminate\\Http\\Request))
#29 /Users/edwinmelara/Documents/Proyectos/instituto/backend/vendor/laravel/framework/src/Illuminate/Foundation/Http/Middleware/TransformsRequest.php(21): Illuminate\\Pipeline\\Pipeline->Illuminate\\Pipeline\\{closure}(Object(Illuminate\\Http\\Request))
#30 /Users/edwinmelara/Documents/Proyectos/instituto/backend/vendor/laravel/framework/src/Illuminate/Foundation/Http/Middleware/ConvertEmptyStringsToNull.php(31): Illuminate\\Foundation\\Http\\Middleware\\TransformsRequest->handle(Object(Illuminate\\Http\\Request), Object(Closure))
#31 /Users/edwinmelara/Documents/Proyectos/instituto/backend/vendor/laravel/framework/src/Illuminate/Pipeline/Pipeline.php(180): Illuminate\\Foundation\\Http\\Middleware\\ConvertEmptyStringsToNull->handle(Object(Illuminate\\Http\\Request), Object(Closure))
#32 /Users/edwinmelara/Documents/Proyectos/instituto/backend/vendor/laravel/framework/src/Illuminate/Foundation/Http/Middleware/TransformsRequest.php(21): Illuminate\\Pipeline\\Pipeline->Illuminate\\Pipeline\\{closure}(Object(Illuminate\\Http\\Request))
#33 /Users/edwinmelara/Documents/Proyectos/instituto/backend/vendor/laravel/framework/src/Illuminate/Foundation/Http/Middleware/TrimStrings.php(40): Illuminate\\Foundation\\Http\\Middleware\\TransformsRequest->handle(Object(Illuminate\\Http\\Request), Object(Closure))
#34 /Users/edwinmelara/Documents/Proyectos/instituto/backend/vendor/laravel/framework/src/Illuminate/Pipeline/Pipeline.php(180): Illuminate\\Foundation\\Http\\Middleware\\TrimStrings->handle(Object(Illuminate\\Http\\Request), Object(Closure))
#35 /Users/edwinmelara/Documents/Proyectos/instituto/backend/vendor/laravel/framework/src/Illuminate/Foundation/Http/Middleware/ValidatePostSize.php(27): Illuminate\\Pipeline\\Pipeline->Illuminate\\Pipeline\\{closure}(Object(Illuminate\\Http\\Request))
#36 /Users/edwinmelara/Documents/Proyectos/instituto/backend/vendor/laravel/framework/src/Illuminate/Pipeline/Pipeline.php(180): Illuminate\\Foundation\\Http\\Middleware\\ValidatePostSize->handle(Object(Illuminate\\Http\\Request), Object(Closure))
#37 /Users/edwinmelara/Documents/Proyectos/instituto/backend/vendor/laravel/framework/src/Illuminate/Foundation/Http/Middleware/PreventRequestsDuringMaintenance.php(99): Illuminate\\Pipeline\\Pipeline->Illuminate\\Pipeline\\{closure}(Object(Illuminate\\Http\\Request))
#38 /Users/edwinmelara/Documents/Proyectos/instituto/backend/vendor/laravel/framework/src/Illuminate/Pipeline/Pipeline.php(180): Illuminate\\Foundation\\Http\\Middleware\\PreventRequestsDuringMaintenance->handle(Object(Illuminate\\Http\\Request), Object(Closure))
#39 /Users/edwinmelara/Documents/Proyectos/instituto/backend/vendor/laravel/framework/src/Illuminate/Http/Middleware/HandleCors.php(62): Illuminate\\Pipeline\\Pipeline->Illuminate\\Pipeline\\{closure}(Object(Illuminate\\Http\\Request))
#40 /Users/edwinmelara/Documents/Proyectos/instituto/backend/vendor/laravel/framework/src/Illuminate/Pipeline/Pipeline.php(180): Illuminate\\Http\\Middleware\\HandleCors->handle(Object(Illuminate\\Http\\Request), Object(Closure))
#41 /Users/edwinmelara/Documents/Proyectos/instituto/backend/vendor/laravel/framework/src/Illuminate/Http/Middleware/TrustProxies.php(39): Illuminate\\Pipeline\\Pipeline->Illuminate\\Pipeline\\{closure}(Object(Illuminate\\Http\\Request))
#42 /Users/edwinmelara/Documents/Proyectos/instituto/backend/vendor/laravel/framework/src/Illuminate/Pipeline/Pipeline.php(180): Illuminate\\Http\\Middleware\\TrustProxies->handle(Object(Illuminate\\Http\\Request), Object(Closure))
#43 /Users/edwinmelara/Documents/Proyectos/instituto/backend/vendor/laravel/framework/src/Illuminate/Pipeline/Pipeline.php(116): Illuminate\\Pipeline\\Pipeline->Illuminate\\Pipeline\\{closure}(Object(Illuminate\\Http\\Request))
#44 /Users/edwinmelara/Documents/Proyectos/instituto/backend/vendor/laravel/framework/src/Illuminate/Foundation/Http/Kernel.php(175): Illuminate\\Pipeline\\Pipeline->then(Object(Closure))
#45 /Users/edwinmelara/Documents/Proyectos/instituto/backend/vendor/laravel/framework/src/Illuminate/Foundation/Http/Kernel.php(144): Illuminate\\Foundation\\Http\\Kernel->sendRequestThroughRouter(Object(Illuminate\\Http\\Request))
#46 /Users/edwinmelara/Documents/Proyectos/instituto/backend/public/index.php(51): Illuminate\\Foundation\\Http\\Kernel->handle(Object(Illuminate\\Http\\Request))
#47 /Users/edwinmelara/Documents/Proyectos/instituto/backend/vendor/laravel/framework/src/Illuminate/Foundation/resources/server.php(16): require_once('/Users/edwinmel...')
#48 {main}
"} 
[2024-04-26 18:06:22] local.ERROR: Attempt to read property "usertable_type" on null {"userId":864,"exception":"[object] (ErrorException(code: 0): Attempt to read property \"usertable_type\" on null at /Users/edwinmelara/Documents/Proyectos/instituto/backend/app/Models/User.php:67)
[stacktrace]
#0 /Users/edwinmelara/Documents/Proyectos/instituto/backend/vendor/laravel/framework/src/Illuminate/Foundation/Bootstrap/HandleExceptions.php(254): Illuminate\\Foundation\\Bootstrap\\HandleExceptions->handleError(2, 'Attempt to read...', '/Users/edwinmel...', 67)
#1 /Users/edwinmelara/Documents/Proyectos/instituto/backend/app/Models/User.php(67): Illuminate\\Foundation\\Bootstrap\\HandleExceptions->Illuminate\\Foundation\\Bootstrap\\{closure}(2, 'Attempt to read...', '/Users/edwinmel...', 67)
#2 /Users/edwinmelara/Documents/Proyectos/instituto/backend/app/Models/User.php(44): App\\Models\\User->getUsertablesType(Object(Illuminate\\Database\\Eloquent\\Relations\\HasOne))
#3 /Users/edwinmelara/Documents/Proyectos/instituto/backend/vendor/tymon/jwt-auth/src/JWT.php(239): App\\Models\\User->getJWTCustomClaims()
#4 /Users/edwinmelara/Documents/Proyectos/instituto/backend/vendor/tymon/jwt-auth/src/JWT.php(226): Tymon\\JWTAuth\\JWT->getClaimsArray(Object(App\\Models\\User))
#5 /Users/edwinmelara/Documents/Proyectos/instituto/backend/vendor/tymon/jwt-auth/src/JWT.php(74): Tymon\\JWTAuth\\JWT->makePayload(Object(App\\Models\\User))
#6 /Users/edwinmelara/Documents/Proyectos/instituto/backend/vendor/tymon/jwt-auth/src/JWT.php(87): Tymon\\JWTAuth\\JWT->fromSubject(Object(App\\Models\\User))
#7 /Users/edwinmelara/Documents/Proyectos/instituto/backend/vendor/tymon/jwt-auth/src/JWTAuth.php(53): Tymon\\JWTAuth\\JWT->fromUser(Object(App\\Models\\User))
#8 /Users/edwinmelara/Documents/Proyectos/instituto/backend/vendor/laravel/framework/src/Illuminate/Support/Facades/Facade.php(355): Tymon\\JWTAuth\\JWTAuth->attempt(Array)
#9 /Users/edwinmelara/Documents/Proyectos/instituto/backend/app/Http/Controllers/API/AuthController.php(25): Illuminate\\Support\\Facades\\Facade::__callStatic('attempt', Array)
#10 /Users/edwinmelara/Documents/Proyectos/instituto/backend/vendor/laravel/framework/src/Illuminate/Routing/Controller.php(54): App\\Http\\Controllers\\API\\AuthController->login(Object(App\\Http\\Requests\\LoginRequest))
#11 /Users/edwinmelara/Documents/Proyectos/instituto/backend/vendor/laravel/framework/src/Illuminate/Routing/ControllerDispatcher.php(43): Illuminate\\Routing\\Controller->callAction('login', Array)
#12 /Users/edwinmelara/Documents/Proyectos/instituto/backend/vendor/laravel/framework/src/Illuminate/Routing/Route.php(259): Illuminate\\Routing\\ControllerDispatcher->dispatch(Object(Illuminate\\Routing\\Route), Object(App\\Http\\Controllers\\API\\AuthController), 'login')
#13 /Users/edwinmelara/Documents/Proyectos/instituto/backend/vendor/laravel/framework/src/Illuminate/Routing/Route.php(205): Illuminate\\Routing\\Route->runController()
#14 /Users/edwinmelara/Documents/Proyectos/instituto/backend/vendor/laravel/framework/src/Illuminate/Routing/Router.php(806): Illuminate\\Routing\\Route->run()
#15 /Users/edwinmelara/Documents/Proyectos/instituto/backend/vendor/laravel/framework/src/Illuminate/Pipeline/Pipeline.php(141): Illuminate\\Routing\\Router->Illuminate\\Routing\\{closure}(Object(Illuminate\\Http\\Request))
#16 /Users/edwinmelara/Documents/Proyectos/instituto/backend/vendor/laravel/framework/src/Illuminate/Routing/Middleware/SubstituteBindings.php(50): Illuminate\\Pipeline\\Pipeline->Illuminate\\Pipeline\\{closure}(Object(Illuminate\\Http\\Request))
#17 /Users/edwinmelara/Documents/Proyectos/instituto/backend/vendor/laravel/framework/src/Illuminate/Pipeline/Pipeline.php(180): Illuminate\\Routing\\Middleware\\SubstituteBindings->handle(Object(Illuminate\\Http\\Request), Object(Closure))
#18 /Users/edwinmelara/Documents/Proyectos/instituto/backend/vendor/laravel/framework/src/Illuminate/Routing/Middleware/ThrottleRequests.php(159): Illuminate\\Pipeline\\Pipeline->Illuminate\\Pipeline\\{closure}(Object(Illuminate\\Http\\Request))
#19 /Users/edwinmelara/Documents/Proyectos/instituto/backend/vendor/laravel/framework/src/Illuminate/Routing/Middleware/ThrottleRequests.php(125): Illuminate\\Routing\\Middleware\\ThrottleRequests->handleRequest(Object(Illuminate\\Http\\Request), Object(Closure), Array)
#20 /Users/edwinmelara/Documents/Proyectos/instituto/backend/vendor/laravel/framework/src/Illuminate/Routing/Middleware/ThrottleRequests.php(87): Illuminate\\Routing\\Middleware\\ThrottleRequests->handleRequestUsingNamedLimiter(Object(Illuminate\\Http\\Request), Object(Closure), 'api', Object(Closure))
#21 /Users/edwinmelara/Documents/Proyectos/instituto/backend/vendor/laravel/framework/src/Illuminate/Pipeline/Pipeline.php(180): Illuminate\\Routing\\Middleware\\ThrottleRequests->handle(Object(Illuminate\\Http\\Request), Object(Closure), 'api')
#22 /Users/edwinmelara/Documents/Proyectos/instituto/backend/vendor/laravel/framework/src/Illuminate/Pipeline/Pipeline.php(116): Illuminate\\Pipeline\\Pipeline->Illuminate\\Pipeline\\{closure}(Object(Illuminate\\Http\\Request))
#23 /Users/edwinmelara/Documents/Proyectos/instituto/backend/vendor/laravel/framework/src/Illuminate/Routing/Router.php(805): Illuminate\\Pipeline\\Pipeline->then(Object(Closure))
#24 /Users/edwinmelara/Documents/Proyectos/instituto/backend/vendor/laravel/framework/src/Illuminate/Routing/Router.php(784): Illuminate\\Routing\\Router->runRouteWithinStack(Object(Illuminate\\Routing\\Route), Object(Illuminate\\Http\\Request))
#25 /Users/edwinmelara/Documents/Proyectos/instituto/backend/vendor/laravel/framework/src/Illuminate/Routing/Router.php(748): Illuminate\\Routing\\Router->runRoute(Object(Illuminate\\Http\\Request), Object(Illuminate\\Routing\\Route))
#26 /Users/edwinmelara/Documents/Proyectos/instituto/backend/vendor/laravel/framework/src/Illuminate/Routing/Router.php(737): Illuminate\\Routing\\Router->dispatchToRoute(Object(Illuminate\\Http\\Request))
#27 /Users/edwinmelara/Documents/Proyectos/instituto/backend/vendor/laravel/framework/src/Illuminate/Foundation/Http/Kernel.php(200): Illuminate\\Routing\\Router->dispatch(Object(Illuminate\\Http\\Request))
#28 /Users/edwinmelara/Documents/Proyectos/instituto/backend/vendor/laravel/framework/src/Illuminate/Pipeline/Pipeline.php(141): Illuminate\\Foundation\\Http\\Kernel->Illuminate\\Foundation\\Http\\{closure}(Object(Illuminate\\Http\\Request))
#29 /Users/edwinmelara/Documents/Proyectos/instituto/backend/vendor/laravel/framework/src/Illuminate/Foundation/Http/Middleware/TransformsRequest.php(21): Illuminate\\Pipeline\\Pipeline->Illuminate\\Pipeline\\{closure}(Object(Illuminate\\Http\\Request))
#30 /Users/edwinmelara/Documents/Proyectos/instituto/backend/vendor/laravel/framework/src/Illuminate/Foundation/Http/Middleware/ConvertEmptyStringsToNull.php(31): Illuminate\\Foundation\\Http\\Middleware\\TransformsRequest->handle(Object(Illuminate\\Http\\Request), Object(Closure))
#31 /Users/edwinmelara/Documents/Proyectos/instituto/backend/vendor/laravel/framework/src/Illuminate/Pipeline/Pipeline.php(180): Illuminate\\Foundation\\Http\\Middleware\\ConvertEmptyStringsToNull->handle(Object(Illuminate\\Http\\Request), Object(Closure))
#32 /Users/edwinmelara/Documents/Proyectos/instituto/backend/vendor/laravel/framework/src/Illuminate/Foundation/Http/Middleware/TransformsRequest.php(21): Illuminate\\Pipeline\\Pipeline->Illuminate\\Pipeline\\{closure}(Object(Illuminate\\Http\\Request))
#33 /Users/edwinmelara/Documents/Proyectos/instituto/backend/vendor/laravel/framework/src/Illuminate/Foundation/Http/Middleware/TrimStrings.php(40): Illuminate\\Foundation\\Http\\Middleware\\TransformsRequest->handle(Object(Illuminate\\Http\\Request), Object(Closure))
#34 /Users/edwinmelara/Documents/Proyectos/instituto/backend/vendor/laravel/framework/src/Illuminate/Pipeline/Pipeline.php(180): Illuminate\\Foundation\\Http\\Middleware\\TrimStrings->handle(Object(Illuminate\\Http\\Request), Object(Closure))
#35 /Users/edwinmelara/Documents/Proyectos/instituto/backend/vendor/laravel/framework/src/Illuminate/Foundation/Http/Middleware/ValidatePostSize.php(27): Illuminate\\Pipeline\\Pipeline->Illuminate\\Pipeline\\{closure}(Object(Illuminate\\Http\\Request))
#36 /Users/edwinmelara/Documents/Proyectos/instituto/backend/vendor/laravel/framework/src/Illuminate/Pipeline/Pipeline.php(180): Illuminate\\Foundation\\Http\\Middleware\\ValidatePostSize->handle(Object(Illuminate\\Http\\Request), Object(Closure))
#37 /Users/edwinmelara/Documents/Proyectos/instituto/backend/vendor/laravel/framework/src/Illuminate/Foundation/Http/Middleware/PreventRequestsDuringMaintenance.php(99): Illuminate\\Pipeline\\Pipeline->Illuminate\\Pipeline\\{closure}(Object(Illuminate\\Http\\Request))
#38 /Users/edwinmelara/Documents/Proyectos/instituto/backend/vendor/laravel/framework/src/Illuminate/Pipeline/Pipeline.php(180): Illuminate\\Foundation\\Http\\Middleware\\PreventRequestsDuringMaintenance->handle(Object(Illuminate\\Http\\Request), Object(Closure))
#39 /Users/edwinmelara/Documents/Proyectos/instituto/backend/vendor/laravel/framework/src/Illuminate/Http/Middleware/HandleCors.php(62): Illuminate\\Pipeline\\Pipeline->Illuminate\\Pipeline\\{closure}(Object(Illuminate\\Http\\Request))
#40 /Users/edwinmelara/Documents/Proyectos/instituto/backend/vendor/laravel/framework/src/Illuminate/Pipeline/Pipeline.php(180): Illuminate\\Http\\Middleware\\HandleCors->handle(Object(Illuminate\\Http\\Request), Object(Closure))
#41 /Users/edwinmelara/Documents/Proyectos/instituto/backend/vendor/laravel/framework/src/Illuminate/Http/Middleware/TrustProxies.php(39): Illuminate\\Pipeline\\Pipeline->Illuminate\\Pipeline\\{closure}(Object(Illuminate\\Http\\Request))
#42 /Users/edwinmelara/Documents/Proyectos/instituto/backend/vendor/laravel/framework/src/Illuminate/Pipeline/Pipeline.php(180): Illuminate\\Http\\Middleware\\TrustProxies->handle(Object(Illuminate\\Http\\Request), Object(Closure))
#43 /Users/edwinmelara/Documents/Proyectos/instituto/backend/vendor/laravel/framework/src/Illuminate/Pipeline/Pipeline.php(116): Illuminate\\Pipeline\\Pipeline->Illuminate\\Pipeline\\{closure}(Object(Illuminate\\Http\\Request))
#44 /Users/edwinmelara/Documents/Proyectos/instituto/backend/vendor/laravel/framework/src/Illuminate/Foundation/Http/Kernel.php(175): Illuminate\\Pipeline\\Pipeline->then(Object(Closure))
#45 /Users/edwinmelara/Documents/Proyectos/instituto/backend/vendor/laravel/framework/src/Illuminate/Foundation/Http/Kernel.php(144): Illuminate\\Foundation\\Http\\Kernel->sendRequestThroughRouter(Object(Illuminate\\Http\\Request))
#46 /Users/edwinmelara/Documents/Proyectos/instituto/backend/public/index.php(51): Illuminate\\Foundation\\Http\\Kernel->handle(Object(Illuminate\\Http\\Request))
#47 /Users/edwinmelara/Documents/Proyectos/instituto/backend/vendor/laravel/framework/src/Illuminate/Foundation/resources/server.php(16): require_once('/Users/edwinmel...')
#48 {main}
"} 
[2024-04-26 18:06:49] local.ERROR: Attempt to read property "usertable_type" on null {"userId":864,"exception":"[object] (ErrorException(code: 0): Attempt to read property \"usertable_type\" on null at /Users/edwinmelara/Documents/Proyectos/instituto/backend/app/Models/User.php:67)
[stacktrace]
#0 /Users/edwinmelara/Documents/Proyectos/instituto/backend/vendor/laravel/framework/src/Illuminate/Foundation/Bootstrap/HandleExceptions.php(254): Illuminate\\Foundation\\Bootstrap\\HandleExceptions->handleError(2, 'Attempt to read...', '/Users/edwinmel...', 67)
#1 /Users/edwinmelara/Documents/Proyectos/instituto/backend/app/Models/User.php(67): Illuminate\\Foundation\\Bootstrap\\HandleExceptions->Illuminate\\Foundation\\Bootstrap\\{closure}(2, 'Attempt to read...', '/Users/edwinmel...', 67)
#2 /Users/edwinmelara/Documents/Proyectos/instituto/backend/app/Models/User.php(44): App\\Models\\User->getUsertablesType(Object(Illuminate\\Database\\Eloquent\\Relations\\HasOne))
#3 /Users/edwinmelara/Documents/Proyectos/instituto/backend/vendor/tymon/jwt-auth/src/JWT.php(239): App\\Models\\User->getJWTCustomClaims()
#4 /Users/edwinmelara/Documents/Proyectos/instituto/backend/vendor/tymon/jwt-auth/src/JWT.php(226): Tymon\\JWTAuth\\JWT->getClaimsArray(Object(App\\Models\\User))
#5 /Users/edwinmelara/Documents/Proyectos/instituto/backend/vendor/tymon/jwt-auth/src/JWT.php(74): Tymon\\JWTAuth\\JWT->makePayload(Object(App\\Models\\User))
#6 /Users/edwinmelara/Documents/Proyectos/instituto/backend/vendor/tymon/jwt-auth/src/JWT.php(87): Tymon\\JWTAuth\\JWT->fromSubject(Object(App\\Models\\User))
#7 /Users/edwinmelara/Documents/Proyectos/instituto/backend/vendor/tymon/jwt-auth/src/JWTAuth.php(53): Tymon\\JWTAuth\\JWT->fromUser(Object(App\\Models\\User))
#8 /Users/edwinmelara/Documents/Proyectos/instituto/backend/vendor/laravel/framework/src/Illuminate/Support/Facades/Facade.php(355): Tymon\\JWTAuth\\JWTAuth->attempt(Array)
#9 /Users/edwinmelara/Documents/Proyectos/instituto/backend/app/Http/Controllers/API/AuthController.php(25): Illuminate\\Support\\Facades\\Facade::__callStatic('attempt', Array)
#10 /Users/edwinmelara/Documents/Proyectos/instituto/backend/vendor/laravel/framework/src/Illuminate/Routing/Controller.php(54): App\\Http\\Controllers\\API\\AuthController->login(Object(App\\Http\\Requests\\LoginRequest))
#11 /Users/edwinmelara/Documents/Proyectos/instituto/backend/vendor/laravel/framework/src/Illuminate/Routing/ControllerDispatcher.php(43): Illuminate\\Routing\\Controller->callAction('login', Array)
#12 /Users/edwinmelara/Documents/Proyectos/instituto/backend/vendor/laravel/framework/src/Illuminate/Routing/Route.php(259): Illuminate\\Routing\\ControllerDispatcher->dispatch(Object(Illuminate\\Routing\\Route), Object(App\\Http\\Controllers\\API\\AuthController), 'login')
#13 /Users/edwinmelara/Documents/Proyectos/instituto/backend/vendor/laravel/framework/src/Illuminate/Routing/Route.php(205): Illuminate\\Routing\\Route->runController()
#14 /Users/edwinmelara/Documents/Proyectos/instituto/backend/vendor/laravel/framework/src/Illuminate/Routing/Router.php(806): Illuminate\\Routing\\Route->run()
#15 /Users/edwinmelara/Documents/Proyectos/instituto/backend/vendor/laravel/framework/src/Illuminate/Pipeline/Pipeline.php(141): Illuminate\\Routing\\Router->Illuminate\\Routing\\{closure}(Object(Illuminate\\Http\\Request))
#16 /Users/edwinmelara/Documents/Proyectos/instituto/backend/vendor/laravel/framework/src/Illuminate/Routing/Middleware/SubstituteBindings.php(50): Illuminate\\Pipeline\\Pipeline->Illuminate\\Pipeline\\{closure}(Object(Illuminate\\Http\\Request))
#17 /Users/edwinmelara/Documents/Proyectos/instituto/backend/vendor/laravel/framework/src/Illuminate/Pipeline/Pipeline.php(180): Illuminate\\Routing\\Middleware\\SubstituteBindings->handle(Object(Illuminate\\Http\\Request), Object(Closure))
#18 /Users/edwinmelara/Documents/Proyectos/instituto/backend/vendor/laravel/framework/src/Illuminate/Routing/Middleware/ThrottleRequests.php(159): Illuminate\\Pipeline\\Pipeline->Illuminate\\Pipeline\\{closure}(Object(Illuminate\\Http\\Request))
#19 /Users/edwinmelara/Documents/Proyectos/instituto/backend/vendor/laravel/framework/src/Illuminate/Routing/Middleware/ThrottleRequests.php(125): Illuminate\\Routing\\Middleware\\ThrottleRequests->handleRequest(Object(Illuminate\\Http\\Request), Object(Closure), Array)
#20 /Users/edwinmelara/Documents/Proyectos/instituto/backend/vendor/laravel/framework/src/Illuminate/Routing/Middleware/ThrottleRequests.php(87): Illuminate\\Routing\\Middleware\\ThrottleRequests->handleRequestUsingNamedLimiter(Object(Illuminate\\Http\\Request), Object(Closure), 'api', Object(Closure))
#21 /Users/edwinmelara/Documents/Proyectos/instituto/backend/vendor/laravel/framework/src/Illuminate/Pipeline/Pipeline.php(180): Illuminate\\Routing\\Middleware\\ThrottleRequests->handle(Object(Illuminate\\Http\\Request), Object(Closure), 'api')
#22 /Users/edwinmelara/Documents/Proyectos/instituto/backend/vendor/laravel/framework/src/Illuminate/Pipeline/Pipeline.php(116): Illuminate\\Pipeline\\Pipeline->Illuminate\\Pipeline\\{closure}(Object(Illuminate\\Http\\Request))
#23 /Users/edwinmelara/Documents/Proyectos/instituto/backend/vendor/laravel/framework/src/Illuminate/Routing/Router.php(805): Illuminate\\Pipeline\\Pipeline->then(Object(Closure))
#24 /Users/edwinmelara/Documents/Proyectos/instituto/backend/vendor/laravel/framework/src/Illuminate/Routing/Router.php(784): Illuminate\\Routing\\Router->runRouteWithinStack(Object(Illuminate\\Routing\\Route), Object(Illuminate\\Http\\Request))
#25 /Users/edwinmelara/Documents/Proyectos/instituto/backend/vendor/laravel/framework/src/Illuminate/Routing/Router.php(748): Illuminate\\Routing\\Router->runRoute(Object(Illuminate\\Http\\Request), Object(Illuminate\\Routing\\Route))
#26 /Users/edwinmelara/Documents/Proyectos/instituto/backend/vendor/laravel/framework/src/Illuminate/Routing/Router.php(737): Illuminate\\Routing\\Router->dispatchToRoute(Object(Illuminate\\Http\\Request))
#27 /Users/edwinmelara/Documents/Proyectos/instituto/backend/vendor/laravel/framework/src/Illuminate/Foundation/Http/Kernel.php(200): Illuminate\\Routing\\Router->dispatch(Object(Illuminate\\Http\\Request))
#28 /Users/edwinmelara/Documents/Proyectos/instituto/backend/vendor/laravel/framework/src/Illuminate/Pipeline/Pipeline.php(141): Illuminate\\Foundation\\Http\\Kernel->Illuminate\\Foundation\\Http\\{closure}(Object(Illuminate\\Http\\Request))
#29 /Users/edwinmelara/Documents/Proyectos/instituto/backend/vendor/laravel/framework/src/Illuminate/Foundation/Http/Middleware/TransformsRequest.php(21): Illuminate\\Pipeline\\Pipeline->Illuminate\\Pipeline\\{closure}(Object(Illuminate\\Http\\Request))
#30 /Users/edwinmelara/Documents/Proyectos/instituto/backend/vendor/laravel/framework/src/Illuminate/Foundation/Http/Middleware/ConvertEmptyStringsToNull.php(31): Illuminate\\Foundation\\Http\\Middleware\\TransformsRequest->handle(Object(Illuminate\\Http\\Request), Object(Closure))
#31 /Users/edwinmelara/Documents/Proyectos/instituto/backend/vendor/laravel/framework/src/Illuminate/Pipeline/Pipeline.php(180): Illuminate\\Foundation\\Http\\Middleware\\ConvertEmptyStringsToNull->handle(Object(Illuminate\\Http\\Request), Object(Closure))
#32 /Users/edwinmelara/Documents/Proyectos/instituto/backend/vendor/laravel/framework/src/Illuminate/Foundation/Http/Middleware/TransformsRequest.php(21): Illuminate\\Pipeline\\Pipeline->Illuminate\\Pipeline\\{closure}(Object(Illuminate\\Http\\Request))
#33 /Users/edwinmelara/Documents/Proyectos/instituto/backend/vendor/laravel/framework/src/Illuminate/Foundation/Http/Middleware/TrimStrings.php(40): Illuminate\\Foundation\\Http\\Middleware\\TransformsRequest->handle(Object(Illuminate\\Http\\Request), Object(Closure))
#34 /Users/edwinmelara/Documents/Proyectos/instituto/backend/vendor/laravel/framework/src/Illuminate/Pipeline/Pipeline.php(180): Illuminate\\Foundation\\Http\\Middleware\\TrimStrings->handle(Object(Illuminate\\Http\\Request), Object(Closure))
#35 /Users/edwinmelara/Documents/Proyectos/instituto/backend/vendor/laravel/framework/src/Illuminate/Foundation/Http/Middleware/ValidatePostSize.php(27): Illuminate\\Pipeline\\Pipeline->Illuminate\\Pipeline\\{closure}(Object(Illuminate\\Http\\Request))
#36 /Users/edwinmelara/Documents/Proyectos/instituto/backend/vendor/laravel/framework/src/Illuminate/Pipeline/Pipeline.php(180): Illuminate\\Foundation\\Http\\Middleware\\ValidatePostSize->handle(Object(Illuminate\\Http\\Request), Object(Closure))
#37 /Users/edwinmelara/Documents/Proyectos/instituto/backend/vendor/laravel/framework/src/Illuminate/Foundation/Http/Middleware/PreventRequestsDuringMaintenance.php(99): Illuminate\\Pipeline\\Pipeline->Illuminate\\Pipeline\\{closure}(Object(Illuminate\\Http\\Request))
#38 /Users/edwinmelara/Documents/Proyectos/instituto/backend/vendor/laravel/framework/src/Illuminate/Pipeline/Pipeline.php(180): Illuminate\\Foundation\\Http\\Middleware\\PreventRequestsDuringMaintenance->handle(Object(Illuminate\\Http\\Request), Object(Closure))
#39 /Users/edwinmelara/Documents/Proyectos/instituto/backend/vendor/laravel/framework/src/Illuminate/Http/Middleware/HandleCors.php(62): Illuminate\\Pipeline\\Pipeline->Illuminate\\Pipeline\\{closure}(Object(Illuminate\\Http\\Request))
#40 /Users/edwinmelara/Documents/Proyectos/instituto/backend/vendor/laravel/framework/src/Illuminate/Pipeline/Pipeline.php(180): Illuminate\\Http\\Middleware\\HandleCors->handle(Object(Illuminate\\Http\\Request), Object(Closure))
#41 /Users/edwinmelara/Documents/Proyectos/instituto/backend/vendor/laravel/framework/src/Illuminate/Http/Middleware/TrustProxies.php(39): Illuminate\\Pipeline\\Pipeline->Illuminate\\Pipeline\\{closure}(Object(Illuminate\\Http\\Request))
#42 /Users/edwinmelara/Documents/Proyectos/instituto/backend/vendor/laravel/framework/src/Illuminate/Pipeline/Pipeline.php(180): Illuminate\\Http\\Middleware\\TrustProxies->handle(Object(Illuminate\\Http\\Request), Object(Closure))
#43 /Users/edwinmelara/Documents/Proyectos/instituto/backend/vendor/laravel/framework/src/Illuminate/Pipeline/Pipeline.php(116): Illuminate\\Pipeline\\Pipeline->Illuminate\\Pipeline\\{closure}(Object(Illuminate\\Http\\Request))
#44 /Users/edwinmelara/Documents/Proyectos/instituto/backend/vendor/laravel/framework/src/Illuminate/Foundation/Http/Kernel.php(175): Illuminate\\Pipeline\\Pipeline->then(Object(Closure))
#45 /Users/edwinmelara/Documents/Proyectos/instituto/backend/vendor/laravel/framework/src/Illuminate/Foundation/Http/Kernel.php(144): Illuminate\\Foundation\\Http\\Kernel->sendRequestThroughRouter(Object(Illuminate\\Http\\Request))
#46 /Users/edwinmelara/Documents/Proyectos/instituto/backend/public/index.php(51): Illuminate\\Foundation\\Http\\Kernel->handle(Object(Illuminate\\Http\\Request))
#47 /Users/edwinmelara/Documents/Proyectos/instituto/backend/vendor/laravel/framework/src/Illuminate/Foundation/resources/server.php(16): require_once('/Users/edwinmel...')
#48 {main}
"} 
[2024-04-27 21:19:09] local.ERROR: Attempt to read property "usertable_type" on null {"userId":850,"exception":"[object] (ErrorException(code: 0): Attempt to read property \"usertable_type\" on null at /Users/edwinmelara/Documents/Proyectos/instituto/backend/app/Models/User.php:67)
[stacktrace]
#0 /Users/edwinmelara/Documents/Proyectos/instituto/backend/vendor/laravel/framework/src/Illuminate/Foundation/Bootstrap/HandleExceptions.php(254): Illuminate\\Foundation\\Bootstrap\\HandleExceptions->handleError(2, 'Attempt to read...', '/Users/edwinmel...', 67)
#1 /Users/edwinmelara/Documents/Proyectos/instituto/backend/app/Models/User.php(67): Illuminate\\Foundation\\Bootstrap\\HandleExceptions->Illuminate\\Foundation\\Bootstrap\\{closure}(2, 'Attempt to read...', '/Users/edwinmel...', 67)
#2 /Users/edwinmelara/Documents/Proyectos/instituto/backend/app/Models/User.php(44): App\\Models\\User->getUsertablesType(Object(Illuminate\\Database\\Eloquent\\Relations\\HasOne))
#3 /Users/edwinmelara/Documents/Proyectos/instituto/backend/vendor/tymon/jwt-auth/src/JWT.php(239): App\\Models\\User->getJWTCustomClaims()
#4 /Users/edwinmelara/Documents/Proyectos/instituto/backend/vendor/tymon/jwt-auth/src/JWT.php(226): Tymon\\JWTAuth\\JWT->getClaimsArray(Object(App\\Models\\User))
#5 /Users/edwinmelara/Documents/Proyectos/instituto/backend/vendor/tymon/jwt-auth/src/JWT.php(74): Tymon\\JWTAuth\\JWT->makePayload(Object(App\\Models\\User))
#6 /Users/edwinmelara/Documents/Proyectos/instituto/backend/vendor/tymon/jwt-auth/src/JWT.php(87): Tymon\\JWTAuth\\JWT->fromSubject(Object(App\\Models\\User))
#7 /Users/edwinmelara/Documents/Proyectos/instituto/backend/vendor/tymon/jwt-auth/src/JWTAuth.php(53): Tymon\\JWTAuth\\JWT->fromUser(Object(App\\Models\\User))
#8 /Users/edwinmelara/Documents/Proyectos/instituto/backend/vendor/laravel/framework/src/Illuminate/Support/Facades/Facade.php(355): Tymon\\JWTAuth\\JWTAuth->attempt(Array)
#9 /Users/edwinmelara/Documents/Proyectos/instituto/backend/app/Http/Controllers/API/AuthController.php(25): Illuminate\\Support\\Facades\\Facade::__callStatic('attempt', Array)
#10 /Users/edwinmelara/Documents/Proyectos/instituto/backend/vendor/laravel/framework/src/Illuminate/Routing/Controller.php(54): App\\Http\\Controllers\\API\\AuthController->login(Object(App\\Http\\Requests\\LoginRequest))
#11 /Users/edwinmelara/Documents/Proyectos/instituto/backend/vendor/laravel/framework/src/Illuminate/Routing/ControllerDispatcher.php(43): Illuminate\\Routing\\Controller->callAction('login', Array)
#12 /Users/edwinmelara/Documents/Proyectos/instituto/backend/vendor/laravel/framework/src/Illuminate/Routing/Route.php(259): Illuminate\\Routing\\ControllerDispatcher->dispatch(Object(Illuminate\\Routing\\Route), Object(App\\Http\\Controllers\\API\\AuthController), 'login')
#13 /Users/edwinmelara/Documents/Proyectos/instituto/backend/vendor/laravel/framework/src/Illuminate/Routing/Route.php(205): Illuminate\\Routing\\Route->runController()
#14 /Users/edwinmelara/Documents/Proyectos/instituto/backend/vendor/laravel/framework/src/Illuminate/Routing/Router.php(806): Illuminate\\Routing\\Route->run()
#15 /Users/edwinmelara/Documents/Proyectos/instituto/backend/vendor/laravel/framework/src/Illuminate/Pipeline/Pipeline.php(141): Illuminate\\Routing\\Router->Illuminate\\Routing\\{closure}(Object(Illuminate\\Http\\Request))
#16 /Users/edwinmelara/Documents/Proyectos/instituto/backend/vendor/laravel/framework/src/Illuminate/Routing/Middleware/SubstituteBindings.php(50): Illuminate\\Pipeline\\Pipeline->Illuminate\\Pipeline\\{closure}(Object(Illuminate\\Http\\Request))
#17 /Users/edwinmelara/Documents/Proyectos/instituto/backend/vendor/laravel/framework/src/Illuminate/Pipeline/Pipeline.php(180): Illuminate\\Routing\\Middleware\\SubstituteBindings->handle(Object(Illuminate\\Http\\Request), Object(Closure))
#18 /Users/edwinmelara/Documents/Proyectos/instituto/backend/vendor/laravel/framework/src/Illuminate/Routing/Middleware/ThrottleRequests.php(159): Illuminate\\Pipeline\\Pipeline->Illuminate\\Pipeline\\{closure}(Object(Illuminate\\Http\\Request))
#19 /Users/edwinmelara/Documents/Proyectos/instituto/backend/vendor/laravel/framework/src/Illuminate/Routing/Middleware/ThrottleRequests.php(125): Illuminate\\Routing\\Middleware\\ThrottleRequests->handleRequest(Object(Illuminate\\Http\\Request), Object(Closure), Array)
#20 /Users/edwinmelara/Documents/Proyectos/instituto/backend/vendor/laravel/framework/src/Illuminate/Routing/Middleware/ThrottleRequests.php(87): Illuminate\\Routing\\Middleware\\ThrottleRequests->handleRequestUsingNamedLimiter(Object(Illuminate\\Http\\Request), Object(Closure), 'api', Object(Closure))
#21 /Users/edwinmelara/Documents/Proyectos/instituto/backend/vendor/laravel/framework/src/Illuminate/Pipeline/Pipeline.php(180): Illuminate\\Routing\\Middleware\\ThrottleRequests->handle(Object(Illuminate\\Http\\Request), Object(Closure), 'api')
#22 /Users/edwinmelara/Documents/Proyectos/instituto/backend/vendor/laravel/framework/src/Illuminate/Pipeline/Pipeline.php(116): Illuminate\\Pipeline\\Pipeline->Illuminate\\Pipeline\\{closure}(Object(Illuminate\\Http\\Request))
#23 /Users/edwinmelara/Documents/Proyectos/instituto/backend/vendor/laravel/framework/src/Illuminate/Routing/Router.php(805): Illuminate\\Pipeline\\Pipeline->then(Object(Closure))
#24 /Users/edwinmelara/Documents/Proyectos/instituto/backend/vendor/laravel/framework/src/Illuminate/Routing/Router.php(784): Illuminate\\Routing\\Router->runRouteWithinStack(Object(Illuminate\\Routing\\Route), Object(Illuminate\\Http\\Request))
#25 /Users/edwinmelara/Documents/Proyectos/instituto/backend/vendor/laravel/framework/src/Illuminate/Routing/Router.php(748): Illuminate\\Routing\\Router->runRoute(Object(Illuminate\\Http\\Request), Object(Illuminate\\Routing\\Route))
#26 /Users/edwinmelara/Documents/Proyectos/instituto/backend/vendor/laravel/framework/src/Illuminate/Routing/Router.php(737): Illuminate\\Routing\\Router->dispatchToRoute(Object(Illuminate\\Http\\Request))
#27 /Users/edwinmelara/Documents/Proyectos/instituto/backend/vendor/laravel/framework/src/Illuminate/Foundation/Http/Kernel.php(200): Illuminate\\Routing\\Router->dispatch(Object(Illuminate\\Http\\Request))
#28 /Users/edwinmelara/Documents/Proyectos/instituto/backend/vendor/laravel/framework/src/Illuminate/Pipeline/Pipeline.php(141): Illuminate\\Foundation\\Http\\Kernel->Illuminate\\Foundation\\Http\\{closure}(Object(Illuminate\\Http\\Request))
#29 /Users/edwinmelara/Documents/Proyectos/instituto/backend/vendor/laravel/framework/src/Illuminate/Foundation/Http/Middleware/TransformsRequest.php(21): Illuminate\\Pipeline\\Pipeline->Illuminate\\Pipeline\\{closure}(Object(Illuminate\\Http\\Request))
#30 /Users/edwinmelara/Documents/Proyectos/instituto/backend/vendor/laravel/framework/src/Illuminate/Foundation/Http/Middleware/ConvertEmptyStringsToNull.php(31): Illuminate\\Foundation\\Http\\Middleware\\TransformsRequest->handle(Object(Illuminate\\Http\\Request), Object(Closure))
#31 /Users/edwinmelara/Documents/Proyectos/instituto/backend/vendor/laravel/framework/src/Illuminate/Pipeline/Pipeline.php(180): Illuminate\\Foundation\\Http\\Middleware\\ConvertEmptyStringsToNull->handle(Object(Illuminate\\Http\\Request), Object(Closure))
#32 /Users/edwinmelara/Documents/Proyectos/instituto/backend/vendor/laravel/framework/src/Illuminate/Foundation/Http/Middleware/TransformsRequest.php(21): Illuminate\\Pipeline\\Pipeline->Illuminate\\Pipeline\\{closure}(Object(Illuminate\\Http\\Request))
#33 /Users/edwinmelara/Documents/Proyectos/instituto/backend/vendor/laravel/framework/src/Illuminate/Foundation/Http/Middleware/TrimStrings.php(40): Illuminate\\Foundation\\Http\\Middleware\\TransformsRequest->handle(Object(Illuminate\\Http\\Request), Object(Closure))
#34 /Users/edwinmelara/Documents/Proyectos/instituto/backend/vendor/laravel/framework/src/Illuminate/Pipeline/Pipeline.php(180): Illuminate\\Foundation\\Http\\Middleware\\TrimStrings->handle(Object(Illuminate\\Http\\Request), Object(Closure))
#35 /Users/edwinmelara/Documents/Proyectos/instituto/backend/vendor/laravel/framework/src/Illuminate/Foundation/Http/Middleware/ValidatePostSize.php(27): Illuminate\\Pipeline\\Pipeline->Illuminate\\Pipeline\\{closure}(Object(Illuminate\\Http\\Request))
#36 /Users/edwinmelara/Documents/Proyectos/instituto/backend/vendor/laravel/framework/src/Illuminate/Pipeline/Pipeline.php(180): Illuminate\\Foundation\\Http\\Middleware\\ValidatePostSize->handle(Object(Illuminate\\Http\\Request), Object(Closure))
#37 /Users/edwinmelara/Documents/Proyectos/instituto/backend/vendor/laravel/framework/src/Illuminate/Foundation/Http/Middleware/PreventRequestsDuringMaintenance.php(99): Illuminate\\Pipeline\\Pipeline->Illuminate\\Pipeline\\{closure}(Object(Illuminate\\Http\\Request))
#38 /Users/edwinmelara/Documents/Proyectos/instituto/backend/vendor/laravel/framework/src/Illuminate/Pipeline/Pipeline.php(180): Illuminate\\Foundation\\Http\\Middleware\\PreventRequestsDuringMaintenance->handle(Object(Illuminate\\Http\\Request), Object(Closure))
#39 /Users/edwinmelara/Documents/Proyectos/instituto/backend/vendor/laravel/framework/src/Illuminate/Http/Middleware/HandleCors.php(62): Illuminate\\Pipeline\\Pipeline->Illuminate\\Pipeline\\{closure}(Object(Illuminate\\Http\\Request))
#40 /Users/edwinmelara/Documents/Proyectos/instituto/backend/vendor/laravel/framework/src/Illuminate/Pipeline/Pipeline.php(180): Illuminate\\Http\\Middleware\\HandleCors->handle(Object(Illuminate\\Http\\Request), Object(Closure))
#41 /Users/edwinmelara/Documents/Proyectos/instituto/backend/vendor/laravel/framework/src/Illuminate/Http/Middleware/TrustProxies.php(39): Illuminate\\Pipeline\\Pipeline->Illuminate\\Pipeline\\{closure}(Object(Illuminate\\Http\\Request))
#42 /Users/edwinmelara/Documents/Proyectos/instituto/backend/vendor/laravel/framework/src/Illuminate/Pipeline/Pipeline.php(180): Illuminate\\Http\\Middleware\\TrustProxies->handle(Object(Illuminate\\Http\\Request), Object(Closure))
#43 /Users/edwinmelara/Documents/Proyectos/instituto/backend/vendor/laravel/framework/src/Illuminate/Pipeline/Pipeline.php(116): Illuminate\\Pipeline\\Pipeline->Illuminate\\Pipeline\\{closure}(Object(Illuminate\\Http\\Request))
#44 /Users/edwinmelara/Documents/Proyectos/instituto/backend/vendor/laravel/framework/src/Illuminate/Foundation/Http/Kernel.php(175): Illuminate\\Pipeline\\Pipeline->then(Object(Closure))
#45 /Users/edwinmelara/Documents/Proyectos/instituto/backend/vendor/laravel/framework/src/Illuminate/Foundation/Http/Kernel.php(144): Illuminate\\Foundation\\Http\\Kernel->sendRequestThroughRouter(Object(Illuminate\\Http\\Request))
#46 /Users/edwinmelara/Documents/Proyectos/instituto/backend/public/index.php(51): Illuminate\\Foundation\\Http\\Kernel->handle(Object(Illuminate\\Http\\Request))
#47 /Users/edwinmelara/Documents/Proyectos/instituto/backend/vendor/laravel/framework/src/Illuminate/Foundation/resources/server.php(16): require_once('/Users/edwinmel...')
#48 {main}
"} 
